{"C:\\Users\\User\\Desktop\\EcommerceX-REST-API\\app.js": {"path":"C:\\Users\\User\\Desktop\\EcommerceX-REST-API\\app.js","statementMap":{"0":{"start":{"line":1,"column":16},"end":{"line":1,"column":34}},"1":{"start":{"line":2,"column":15},"end":{"line":2,"column":32}},"2":{"start":{"line":3,"column":13},"end":{"line":3,"column":28}},"3":{"start":{"line":4,"column":0},"end":{"line":4,"column":61}},"4":{"start":{"line":6,"column":19},"end":{"line":6,"column":48}},"5":{"start":{"line":8,"column":18},"end":{"line":8,"column":44}},"6":{"start":{"line":10,"column":12},"end":{"line":10,"column":21}},"7":{"start":{"line":13,"column":0},"end":{"line":13,"column":11}},"8":{"start":{"line":15,"column":0},"end":{"line":15,"column":48}},"9":{"start":{"line":16,"column":0},"end":{"line":16,"column":23}},"10":{"start":{"line":17,"column":0},"end":{"line":17,"column":69}},"11":{"start":{"line":20,"column":0},"end":{"line":20,"column":62}},"12":{"start":{"line":21,"column":0},"end":{"line":21,"column":58}},"13":{"start":{"line":22,"column":0},"end":{"line":22,"column":56}},"14":{"start":{"line":23,"column":0},"end":{"line":23,"column":62}},"15":{"start":{"line":33,"column":0},"end":{"line":33,"column":20}}},"fnMap":{},"branchMap":{},"s":{"0":3,"1":3,"2":3,"3":3,"4":3,"5":3,"6":3,"7":3,"8":3,"9":3,"10":3,"11":3,"12":3,"13":3,"14":3,"15":3},"f":{},"b":{},"_coverageSchema":"1a1c01bbd47fc00a2c39e90264f33305004495a9","hash":"cc0f9a0e376055a65c71032f80990c72da27b26b"}
,"C:\\Users\\User\\Desktop\\EcommerceX-REST-API\\server.js": {"path":"C:\\Users\\User\\Desktop\\EcommerceX-REST-API\\server.js","statementMap":{"0":{"start":{"line":1,"column":15},"end":{"line":1,"column":31}},"1":{"start":{"line":2,"column":18},"end":{"line":2,"column":44}},"2":{"start":{"line":4,"column":0},"end":{"line":6,"column":1}},"3":{"start":{"line":5,"column":4},"end":{"line":5,"column":105}},"4":{"start":{"line":8,"column":0},"end":{"line":8,"column":23}}},"fnMap":{},"branchMap":{"0":{"loc":{"start":{"line":4,"column":0},"end":{"line":6,"column":1}},"type":"if","locations":[{"start":{"line":4,"column":0},"end":{"line":6,"column":1}},{"start":{},"end":{}}],"line":4}},"s":{"0":3,"1":3,"2":3,"3":0,"4":3},"f":{},"b":{"0":[0,3]},"_coverageSchema":"1a1c01bbd47fc00a2c39e90264f33305004495a9","hash":"46aab71016e132744acd148a0c3fdf62dd8dd86a"}
,"C:\\Users\\User\\Desktop\\EcommerceX-REST-API\\api\\config\\db.js": {"path":"C:\\Users\\User\\Desktop\\EcommerceX-REST-API\\api\\config\\db.js","statementMap":{"0":{"start":{"line":1,"column":17},"end":{"line":1,"column":36}},"1":{"start":{"line":3,"column":18},"end":{"line":6,"column":1}},"2":{"start":{"line":4,"column":15},"end":{"line":4,"column":60}},"3":{"start":{"line":5,"column":2},"end":{"line":5,"column":84}},"4":{"start":{"line":8,"column":0},"end":{"line":8,"column":27}}},"fnMap":{"0":{"name":"(anonymous_0)","decl":{"start":{"line":3,"column":18},"end":{"line":3,"column":19}},"loc":{"start":{"line":3,"column":30},"end":{"line":6,"column":1}},"line":3}},"branchMap":{},"s":{"0":3,"1":3,"2":3,"3":3,"4":3},"f":{"0":3},"b":{},"_coverageSchema":"1a1c01bbd47fc00a2c39e90264f33305004495a9","hash":"e4aa81a29b9df114f82c631f39f5f32d4e024dfb"}
,"C:\\Users\\User\\Desktop\\EcommerceX-REST-API\\api\\middleware\\checkAuth.js": {"path":"C:\\Users\\User\\Desktop\\EcommerceX-REST-API\\api\\middleware\\checkAuth.js","statementMap":{"0":{"start":{"line":1,"column":12},"end":{"line":1,"column":35}},"1":{"start":{"line":3,"column":0},"end":{"line":14,"column":1}},"2":{"start":{"line":4,"column":4},"end":{"line":13,"column":5}},"3":{"start":{"line":5,"column":24},"end":{"line":5,"column":71}},"4":{"start":{"line":6,"column":8},"end":{"line":6,"column":30}},"5":{"start":{"line":7,"column":8},"end":{"line":7,"column":14}},"6":{"start":{"line":10,"column":8},"end":{"line":12,"column":10}}},"fnMap":{"0":{"name":"(anonymous_0)","decl":{"start":{"line":3,"column":17},"end":{"line":3,"column":18}},"loc":{"start":{"line":3,"column":37},"end":{"line":14,"column":1}},"line":3}},"branchMap":{},"s":{"0":3,"1":3,"2":0,"3":0,"4":0,"5":0,"6":0},"f":{"0":0},"b":{},"_coverageSchema":"1a1c01bbd47fc00a2c39e90264f33305004495a9","hash":"e9de1967cc08351cc7de87552ea58ae025fb294a"}
,"C:\\Users\\User\\Desktop\\EcommerceX-REST-API\\api\\middleware\\checkHeaderAuth.js": {"path":"C:\\Users\\User\\Desktop\\EcommerceX-REST-API\\api\\middleware\\checkHeaderAuth.js","statementMap":{"0":{"start":{"line":1,"column":12},"end":{"line":1,"column":35}},"1":{"start":{"line":3,"column":0},"end":{"line":15,"column":1}},"2":{"start":{"line":4,"column":4},"end":{"line":14,"column":5}},"3":{"start":{"line":5,"column":22},"end":{"line":5,"column":61}},"4":{"start":{"line":6,"column":24},"end":{"line":6,"column":62}},"5":{"start":{"line":7,"column":8},"end":{"line":7,"column":30}},"6":{"start":{"line":8,"column":8},"end":{"line":8,"column":14}},"7":{"start":{"line":10,"column":8},"end":{"line":13,"column":10}}},"fnMap":{"0":{"name":"(anonymous_0)","decl":{"start":{"line":3,"column":17},"end":{"line":3,"column":18}},"loc":{"start":{"line":3,"column":37},"end":{"line":15,"column":1}},"line":3}},"branchMap":{},"s":{"0":3,"1":3,"2":0,"3":0,"4":0,"5":0,"6":0,"7":0},"f":{"0":0},"b":{},"_coverageSchema":"1a1c01bbd47fc00a2c39e90264f33305004495a9","hash":"2684179dbdb48c5e84ab1329b6224ae24c5b8d7e"}
,"C:\\Users\\User\\Desktop\\EcommerceX-REST-API\\api\\middleware\\checkRoles.js": {"path":"C:\\Users\\User\\Desktop\\EcommerceX-REST-API\\api\\middleware\\checkRoles.js","statementMap":{"0":{"start":{"line":2,"column":4},"end":{"line":9,"column":5}},"1":{"start":{"line":3,"column":8},"end":{"line":3,"column":14}},"2":{"start":{"line":6,"column":8},"end":{"line":8,"column":10}},"3":{"start":{"line":13,"column":4},"end":{"line":13,"column":47}},"4":{"start":{"line":14,"column":4},"end":{"line":21,"column":5}},"5":{"start":{"line":15,"column":8},"end":{"line":15,"column":14}},"6":{"start":{"line":18,"column":8},"end":{"line":20,"column":10}},"7":{"start":{"line":25,"column":4},"end":{"line":32,"column":5}},"8":{"start":{"line":26,"column":8},"end":{"line":26,"column":14}},"9":{"start":{"line":29,"column":8},"end":{"line":31,"column":10}},"10":{"start":{"line":36,"column":4},"end":{"line":43,"column":5}},"11":{"start":{"line":37,"column":8},"end":{"line":37,"column":14}},"12":{"start":{"line":40,"column":8},"end":{"line":42,"column":10}},"13":{"start":{"line":47,"column":4},"end":{"line":54,"column":5}},"14":{"start":{"line":48,"column":8},"end":{"line":48,"column":14}},"15":{"start":{"line":51,"column":8},"end":{"line":53,"column":10}},"16":{"start":{"line":57,"column":0},"end":{"line":63,"column":1}}},"fnMap":{"0":{"name":"isAdmin","decl":{"start":{"line":1,"column":9},"end":{"line":1,"column":16}},"loc":{"start":{"line":1,"column":33},"end":{"line":10,"column":1}},"line":1},"1":{"name":"isCustomer","decl":{"start":{"line":12,"column":9},"end":{"line":12,"column":19}},"loc":{"start":{"line":12,"column":36},"end":{"line":22,"column":1}},"line":12},"2":{"name":"isSeller","decl":{"start":{"line":24,"column":9},"end":{"line":24,"column":17}},"loc":{"start":{"line":24,"column":34},"end":{"line":33,"column":1}},"line":24},"3":{"name":"isAdminOrSeller","decl":{"start":{"line":35,"column":9},"end":{"line":35,"column":24}},"loc":{"start":{"line":35,"column":41},"end":{"line":44,"column":1}},"line":35},"4":{"name":"isAdminOrCustomer","decl":{"start":{"line":46,"column":9},"end":{"line":46,"column":26}},"loc":{"start":{"line":46,"column":43},"end":{"line":55,"column":1}},"line":46}},"branchMap":{"0":{"loc":{"start":{"line":2,"column":4},"end":{"line":9,"column":5}},"type":"if","locations":[{"start":{"line":2,"column":4},"end":{"line":9,"column":5}},{"start":{"line":5,"column":9},"end":{"line":9,"column":5}}],"line":2},"1":{"loc":{"start":{"line":14,"column":4},"end":{"line":21,"column":5}},"type":"if","locations":[{"start":{"line":14,"column":4},"end":{"line":21,"column":5}},{"start":{"line":17,"column":9},"end":{"line":21,"column":5}}],"line":14},"2":{"loc":{"start":{"line":25,"column":4},"end":{"line":32,"column":5}},"type":"if","locations":[{"start":{"line":25,"column":4},"end":{"line":32,"column":5}},{"start":{"line":28,"column":9},"end":{"line":32,"column":5}}],"line":25},"3":{"loc":{"start":{"line":36,"column":4},"end":{"line":43,"column":5}},"type":"if","locations":[{"start":{"line":36,"column":4},"end":{"line":43,"column":5}},{"start":{"line":39,"column":9},"end":{"line":43,"column":5}}],"line":36},"4":{"loc":{"start":{"line":36,"column":8},"end":{"line":36,"column":73}},"type":"binary-expr","locations":[{"start":{"line":36,"column":8},"end":{"line":36,"column":38}},{"start":{"line":36,"column":42},"end":{"line":36,"column":73}}],"line":36},"5":{"loc":{"start":{"line":47,"column":4},"end":{"line":54,"column":5}},"type":"if","locations":[{"start":{"line":47,"column":4},"end":{"line":54,"column":5}},{"start":{"line":50,"column":9},"end":{"line":54,"column":5}}],"line":47},"6":{"loc":{"start":{"line":47,"column":8},"end":{"line":47,"column":75}},"type":"binary-expr","locations":[{"start":{"line":47,"column":8},"end":{"line":47,"column":38}},{"start":{"line":47,"column":42},"end":{"line":47,"column":75}}],"line":47}},"s":{"0":0,"1":0,"2":0,"3":0,"4":0,"5":0,"6":0,"7":0,"8":0,"9":0,"10":0,"11":0,"12":0,"13":0,"14":0,"15":0,"16":3},"f":{"0":0,"1":0,"2":0,"3":0,"4":0},"b":{"0":[0,0],"1":[0,0],"2":[0,0],"3":[0,0],"4":[0,0],"5":[0,0],"6":[0,0]},"_coverageSchema":"1a1c01bbd47fc00a2c39e90264f33305004495a9","hash":"9bc3c2e7488f64f7fcbbefd588bef9d3090016ef"}
,"C:\\Users\\User\\Desktop\\EcommerceX-REST-API\\api\\models\\Order.js": {"path":"C:\\Users\\User\\Desktop\\EcommerceX-REST-API\\api\\models\\Order.js","statementMap":{"0":{"start":{"line":1,"column":17},"end":{"line":1,"column":36}},"1":{"start":{"line":3,"column":20},"end":{"line":25,"column":2}},"2":{"start":{"line":26,"column":0},"end":{"line":26,"column":58}}},"fnMap":{},"branchMap":{},"s":{"0":3,"1":3,"2":3},"f":{},"b":{},"_coverageSchema":"1a1c01bbd47fc00a2c39e90264f33305004495a9","hash":"8df2ef3fcdf880d2a9326e8e07896b308d09cf1a"}
,"C:\\Users\\User\\Desktop\\EcommerceX-REST-API\\api\\models\\Payment.js": {"path":"C:\\Users\\User\\Desktop\\EcommerceX-REST-API\\api\\models\\Payment.js","statementMap":{"0":{"start":{"line":1,"column":17},"end":{"line":1,"column":36}},"1":{"start":{"line":3,"column":22},"end":{"line":25,"column":2}},"2":{"start":{"line":27,"column":0},"end":{"line":27,"column":62}}},"fnMap":{},"branchMap":{},"s":{"0":3,"1":3,"2":3},"f":{},"b":{},"_coverageSchema":"1a1c01bbd47fc00a2c39e90264f33305004495a9","hash":"0bb6e3ec0b2bf8861237c93c86238a86fc28f7b3"}
,"C:\\Users\\User\\Desktop\\EcommerceX-REST-API\\api\\models\\Product.js": {"path":"C:\\Users\\User\\Desktop\\EcommerceX-REST-API\\api\\models\\Product.js","statementMap":{"0":{"start":{"line":1,"column":17},"end":{"line":1,"column":36}},"1":{"start":{"line":4,"column":22},"end":{"line":14,"column":2}},"2":{"start":{"line":16,"column":0},"end":{"line":16,"column":62}}},"fnMap":{},"branchMap":{},"s":{"0":3,"1":3,"2":3},"f":{},"b":{},"_coverageSchema":"1a1c01bbd47fc00a2c39e90264f33305004495a9","hash":"2b72f88eb476a8d704a0cfec66f082a624a1a282"}
,"C:\\Users\\User\\Desktop\\EcommerceX-REST-API\\api\\models\\User.js": {"path":"C:\\Users\\User\\Desktop\\EcommerceX-REST-API\\api\\models\\User.js","statementMap":{"0":{"start":{"line":1,"column":17},"end":{"line":1,"column":36}},"1":{"start":{"line":4,"column":19},"end":{"line":17,"column":2}},"2":{"start":{"line":19,"column":0},"end":{"line":19,"column":56}}},"fnMap":{},"branchMap":{},"s":{"0":3,"1":3,"2":3},"f":{},"b":{},"_coverageSchema":"1a1c01bbd47fc00a2c39e90264f33305004495a9","hash":"d01435ead809232ac409712836a32674f0b8f3d3"}
,"C:\\Users\\User\\Desktop\\EcommerceX-REST-API\\api\\routes\\orderRoute.js": {"path":"C:\\Users\\User\\Desktop\\EcommerceX-REST-API\\api\\routes\\orderRoute.js","statementMap":{"0":{"start":{"line":1,"column":16},"end":{"line":1,"column":34}},"1":{"start":{"line":2,"column":15},"end":{"line":2,"column":31}},"2":{"start":{"line":3,"column":17},"end":{"line":3,"column":36}},"3":{"start":{"line":5,"column":19},"end":{"line":5,"column":45}},"4":{"start":{"line":6,"column":21},"end":{"line":6,"column":49}},"5":{"start":{"line":7,"column":18},"end":{"line":7,"column":52}},"6":{"start":{"line":13,"column":4},"end":{"line":13,"column":39}},"7":{"start":{"line":15,"column":17},"end":{"line":19,"column":1}},"8":{"start":{"line":16,"column":4},"end":{"line":18,"column":6}},"9":{"start":{"line":21,"column":0},"end":{"line":83,"column":6}},"10":{"start":{"line":23,"column":8},"end":{"line":49,"column":30}},"11":{"start":{"line":27,"column":16},"end":{"line":48,"column":18}},"12":{"start":{"line":30,"column":24},"end":{"line":46,"column":25}},"13":{"start":{"line":52,"column":8},"end":{"line":82,"column":30}},"14":{"start":{"line":53,"column":12},"end":{"line":57,"column":13}},"15":{"start":{"line":54,"column":16},"end":{"line":56,"column":18}},"16":{"start":{"line":58,"column":26},"end":{"line":62,"column":14}},"17":{"start":{"line":63,"column":12},"end":{"line":63,"column":31}},"18":{"start":{"line":66,"column":16},"end":{"line":81,"column":18}},"19":{"start":{"line":86,"column":0},"end":{"line":166,"column":6}},"20":{"start":{"line":88,"column":8},"end":{"line":121,"column":9}},"21":{"start":{"line":89,"column":12},"end":{"line":115,"column":34}},"22":{"start":{"line":91,"column":20},"end":{"line":95,"column":21}},"23":{"start":{"line":92,"column":24},"end":{"line":94,"column":26}},"24":{"start":{"line":96,"column":20},"end":{"line":114,"column":22}},"25":{"start":{"line":118,"column":12},"end":{"line":120,"column":14}},"26":{"start":{"line":124,"column":20},"end":{"line":124,"column":38}},"27":{"start":{"line":125,"column":8},"end":{"line":142,"column":9}},"28":{"start":{"line":126,"column":12},"end":{"line":136,"column":34}},"29":{"start":{"line":128,"column":20},"end":{"line":135,"column":22}},"30":{"start":{"line":139,"column":12},"end":{"line":141,"column":14}},"31":{"start":{"line":145,"column":19},"end":{"line":145,"column":37}},"32":{"start":{"line":146,"column":8},"end":{"line":165,"column":9}},"33":{"start":{"line":147,"column":12},"end":{"line":159,"column":30}},"34":{"start":{"line":148,"column":16},"end":{"line":158,"column":18}},"35":{"start":{"line":162,"column":12},"end":{"line":164,"column":14}},"36":{"start":{"line":168,"column":0},"end":{"line":168,"column":23}}},"fnMap":{"0":{"name":"(anonymous_0)","decl":{"start":{"line":15,"column":17},"end":{"line":15,"column":18}},"loc":{"start":{"line":15,"column":26},"end":{"line":19,"column":1}},"line":15},"1":{"name":"(anonymous_1)","decl":{"start":{"line":22,"column":9},"end":{"line":22,"column":10}},"loc":{"start":{"line":22,"column":23},"end":{"line":50,"column":5}},"line":22},"2":{"name":"(anonymous_2)","decl":{"start":{"line":25,"column":18},"end":{"line":25,"column":19}},"loc":{"start":{"line":25,"column":26},"end":{"line":49,"column":13}},"line":25},"3":{"name":"(anonymous_3)","decl":{"start":{"line":29,"column":37},"end":{"line":29,"column":38}},"loc":{"start":{"line":29,"column":44},"end":{"line":47,"column":21}},"line":29},"4":{"name":"(anonymous_4)","decl":{"start":{"line":51,"column":10},"end":{"line":51,"column":11}},"loc":{"start":{"line":51,"column":24},"end":{"line":83,"column":5}},"line":51},"5":{"name":"(anonymous_5)","decl":{"start":{"line":52,"column":55},"end":{"line":52,"column":56}},"loc":{"start":{"line":52,"column":62},"end":{"line":64,"column":9}},"line":52},"6":{"name":"(anonymous_6)","decl":{"start":{"line":65,"column":18},"end":{"line":65,"column":19}},"loc":{"start":{"line":65,"column":28},"end":{"line":82,"column":13}},"line":65},"7":{"name":"(anonymous_7)","decl":{"start":{"line":87,"column":9},"end":{"line":87,"column":10}},"loc":{"start":{"line":87,"column":23},"end":{"line":122,"column":5}},"line":87},"8":{"name":"(anonymous_8)","decl":{"start":{"line":90,"column":29},"end":{"line":90,"column":30}},"loc":{"start":{"line":90,"column":36},"end":{"line":115,"column":17}},"line":90},"9":{"name":"(anonymous_9)","decl":{"start":{"line":123,"column":11},"end":{"line":123,"column":12}},"loc":{"start":{"line":123,"column":25},"end":{"line":143,"column":5}},"line":123},"10":{"name":"(anonymous_10)","decl":{"start":{"line":127,"column":22},"end":{"line":127,"column":23}},"loc":{"start":{"line":127,"column":29},"end":{"line":136,"column":17}},"line":127},"11":{"name":"(anonymous_11)","decl":{"start":{"line":144,"column":12},"end":{"line":144,"column":13}},"loc":{"start":{"line":144,"column":26},"end":{"line":166,"column":5}},"line":144},"12":{"name":"(anonymous_12)","decl":{"start":{"line":147,"column":51},"end":{"line":147,"column":52}},"loc":{"start":{"line":147,"column":58},"end":{"line":159,"column":13}},"line":147}},"branchMap":{"0":{"loc":{"start":{"line":53,"column":12},"end":{"line":57,"column":13}},"type":"if","locations":[{"start":{"line":53,"column":12},"end":{"line":57,"column":13}},{"start":{},"end":{}}],"line":53},"1":{"loc":{"start":{"line":88,"column":8},"end":{"line":121,"column":9}},"type":"if","locations":[{"start":{"line":88,"column":8},"end":{"line":121,"column":9}},{"start":{"line":117,"column":13},"end":{"line":121,"column":9}}],"line":88},"2":{"loc":{"start":{"line":91,"column":20},"end":{"line":95,"column":21}},"type":"if","locations":[{"start":{"line":91,"column":20},"end":{"line":95,"column":21}},{"start":{},"end":{}}],"line":91},"3":{"loc":{"start":{"line":125,"column":8},"end":{"line":142,"column":9}},"type":"if","locations":[{"start":{"line":125,"column":8},"end":{"line":142,"column":9}},{"start":{"line":138,"column":13},"end":{"line":142,"column":9}}],"line":125},"4":{"loc":{"start":{"line":146,"column":8},"end":{"line":165,"column":9}},"type":"if","locations":[{"start":{"line":146,"column":8},"end":{"line":165,"column":9}},{"start":{"line":161,"column":13},"end":{"line":165,"column":9}}],"line":146}},"s":{"0":3,"1":3,"2":3,"3":3,"4":3,"5":3,"6":3,"7":3,"8":0,"9":3,"10":1,"11":1,"12":1,"13":1,"14":1,"15":0,"16":1,"17":1,"18":1,"19":3,"20":1,"21":1,"22":1,"23":0,"24":1,"25":0,"26":1,"27":1,"28":1,"29":1,"30":0,"31":1,"32":1,"33":1,"34":1,"35":0,"36":3},"f":{"0":0,"1":1,"2":1,"3":1,"4":1,"5":1,"6":1,"7":1,"8":1,"9":1,"10":1,"11":1,"12":1},"b":{"0":[0,1],"1":[1,0],"2":[0,1],"3":[1,0],"4":[1,0]},"_coverageSchema":"1a1c01bbd47fc00a2c39e90264f33305004495a9","hash":"97a6c589f249a1218d990c06b6a87b3db3c3608a"}
,"C:\\Users\\User\\Desktop\\EcommerceX-REST-API\\api\\routes\\paymentRoute.js": {"path":"C:\\Users\\User\\Desktop\\EcommerceX-REST-API\\api\\routes\\paymentRoute.js","statementMap":{"0":{"start":{"line":1,"column":16},"end":{"line":1,"column":34}},"1":{"start":{"line":2,"column":15},"end":{"line":2,"column":31}},"2":{"start":{"line":3,"column":17},"end":{"line":3,"column":36}},"3":{"start":{"line":5,"column":19},"end":{"line":5,"column":45}},"4":{"start":{"line":6,"column":21},"end":{"line":6,"column":49}},"5":{"start":{"line":8,"column":18},"end":{"line":8,"column":52}},"6":{"start":{"line":12,"column":4},"end":{"line":12,"column":39}},"7":{"start":{"line":14,"column":17},"end":{"line":18,"column":1}},"8":{"start":{"line":15,"column":4},"end":{"line":17,"column":6}},"9":{"start":{"line":20,"column":0},"end":{"line":52,"column":2}},"10":{"start":{"line":21,"column":4},"end":{"line":51,"column":26}},"11":{"start":{"line":26,"column":12},"end":{"line":50,"column":14}},"12":{"start":{"line":29,"column":20},"end":{"line":48,"column":21}},"13":{"start":{"line":54,"column":0},"end":{"line":92,"column":2}},"14":{"start":{"line":55,"column":15},"end":{"line":55,"column":35}},"15":{"start":{"line":56,"column":4},"end":{"line":91,"column":5}},"16":{"start":{"line":57,"column":8},"end":{"line":85,"column":26}},"17":{"start":{"line":58,"column":12},"end":{"line":84,"column":13}},"18":{"start":{"line":59,"column":16},"end":{"line":78,"column":18}},"19":{"start":{"line":81,"column":16},"end":{"line":83,"column":18}},"20":{"start":{"line":88,"column":8},"end":{"line":90,"column":10}},"21":{"start":{"line":94,"column":0},"end":{"line":147,"column":2}},"22":{"start":{"line":96,"column":4},"end":{"line":124,"column":22}},"23":{"start":{"line":97,"column":8},"end":{"line":101,"column":9}},"24":{"start":{"line":98,"column":12},"end":{"line":100,"column":14}},"25":{"start":{"line":102,"column":8},"end":{"line":110,"column":9}},"26":{"start":{"line":103,"column":12},"end":{"line":109,"column":14}},"27":{"start":{"line":111,"column":8},"end":{"line":115,"column":9}},"28":{"start":{"line":112,"column":12},"end":{"line":114,"column":14}},"29":{"start":{"line":116,"column":24},"end":{"line":122,"column":10}},"30":{"start":{"line":123,"column":8},"end":{"line":123,"column":72}},"31":{"start":{"line":123,"column":37},"end":{"line":123,"column":55}},"32":{"start":{"line":126,"column":4},"end":{"line":146,"column":22}},"33":{"start":{"line":127,"column":8},"end":{"line":145,"column":10}},"34":{"start":{"line":149,"column":0},"end":{"line":149,"column":23}}},"fnMap":{"0":{"name":"(anonymous_0)","decl":{"start":{"line":14,"column":17},"end":{"line":14,"column":18}},"loc":{"start":{"line":14,"column":26},"end":{"line":18,"column":1}},"line":14},"1":{"name":"(anonymous_1)","decl":{"start":{"line":20,"column":16},"end":{"line":20,"column":17}},"loc":{"start":{"line":20,"column":30},"end":{"line":52,"column":1}},"line":20},"2":{"name":"(anonymous_2)","decl":{"start":{"line":23,"column":14},"end":{"line":23,"column":15}},"loc":{"start":{"line":23,"column":22},"end":{"line":51,"column":9}},"line":23},"3":{"name":"(anonymous_3)","decl":{"start":{"line":28,"column":35},"end":{"line":28,"column":36}},"loc":{"start":{"line":28,"column":42},"end":{"line":49,"column":17}},"line":28},"4":{"name":"(anonymous_4)","decl":{"start":{"line":54,"column":26},"end":{"line":54,"column":27}},"loc":{"start":{"line":54,"column":40},"end":{"line":92,"column":1}},"line":54},"5":{"name":"(anonymous_5)","decl":{"start":{"line":57,"column":59},"end":{"line":57,"column":60}},"loc":{"start":{"line":57,"column":66},"end":{"line":85,"column":9}},"line":57},"6":{"name":"(anonymous_6)","decl":{"start":{"line":94,"column":17},"end":{"line":94,"column":18}},"loc":{"start":{"line":94,"column":31},"end":{"line":147,"column":1}},"line":94},"7":{"name":"(anonymous_7)","decl":{"start":{"line":96,"column":54},"end":{"line":96,"column":55}},"loc":{"start":{"line":96,"column":61},"end":{"line":124,"column":5}},"line":96},"8":{"name":"(anonymous_8)","decl":{"start":{"line":123,"column":28},"end":{"line":123,"column":29}},"loc":{"start":{"line":123,"column":37},"end":{"line":123,"column":55}},"line":123},"9":{"name":"(anonymous_9)","decl":{"start":{"line":126,"column":113},"end":{"line":126,"column":114}},"loc":{"start":{"line":126,"column":120},"end":{"line":146,"column":5}},"line":126}},"branchMap":{"0":{"loc":{"start":{"line":56,"column":4},"end":{"line":91,"column":5}},"type":"if","locations":[{"start":{"line":56,"column":4},"end":{"line":91,"column":5}},{"start":{"line":87,"column":9},"end":{"line":91,"column":5}}],"line":56},"1":{"loc":{"start":{"line":58,"column":12},"end":{"line":84,"column":13}},"type":"if","locations":[{"start":{"line":58,"column":12},"end":{"line":84,"column":13}},{"start":{"line":80,"column":17},"end":{"line":84,"column":13}}],"line":58},"2":{"loc":{"start":{"line":97,"column":8},"end":{"line":101,"column":9}},"type":"if","locations":[{"start":{"line":97,"column":8},"end":{"line":101,"column":9}},{"start":{},"end":{}}],"line":97},"3":{"loc":{"start":{"line":102,"column":8},"end":{"line":110,"column":9}},"type":"if","locations":[{"start":{"line":102,"column":8},"end":{"line":110,"column":9}},{"start":{},"end":{}}],"line":102},"4":{"loc":{"start":{"line":111,"column":8},"end":{"line":115,"column":9}},"type":"if","locations":[{"start":{"line":111,"column":8},"end":{"line":115,"column":9}},{"start":{},"end":{}}],"line":111},"5":{"loc":{"start":{"line":111,"column":12},"end":{"line":111,"column":102}},"type":"binary-expr","locations":[{"start":{"line":111,"column":12},"end":{"line":111,"column":21}},{"start":{"line":111,"column":25},"end":{"line":111,"column":42}},{"start":{"line":111,"column":46},"end":{"line":111,"column":59}},{"start":{"line":111,"column":63},"end":{"line":111,"column":78}},{"start":{"line":111,"column":82},"end":{"line":111,"column":102}}],"line":111}},"s":{"0":3,"1":3,"2":3,"3":3,"4":3,"5":3,"6":3,"7":3,"8":0,"9":3,"10":1,"11":1,"12":1,"13":3,"14":1,"15":1,"16":1,"17":1,"18":1,"19":0,"20":0,"21":3,"22":0,"23":0,"24":0,"25":0,"26":0,"27":0,"28":0,"29":0,"30":0,"31":0,"32":0,"33":0,"34":3},"f":{"0":0,"1":1,"2":1,"3":1,"4":1,"5":1,"6":0,"7":0,"8":0,"9":0},"b":{"0":[1,0],"1":[1,0],"2":[0,0],"3":[0,0],"4":[0,0],"5":[0,0,0,0,0]},"_coverageSchema":"1a1c01bbd47fc00a2c39e90264f33305004495a9","hash":"350fcd187854cc1313ead23454738c092d121ee4"}
,"C:\\Users\\User\\Desktop\\EcommerceX-REST-API\\api\\routes\\productRoute.js": {"path":"C:\\Users\\User\\Desktop\\EcommerceX-REST-API\\api\\routes\\productRoute.js","statementMap":{"0":{"start":{"line":1,"column":16},"end":{"line":1,"column":34}},"1":{"start":{"line":2,"column":15},"end":{"line":2,"column":31}},"2":{"start":{"line":3,"column":17},"end":{"line":3,"column":36}},"3":{"start":{"line":4,"column":15},"end":{"line":4,"column":32}},"4":{"start":{"line":6,"column":21},"end":{"line":6,"column":49}},"5":{"start":{"line":8,"column":18},"end":{"line":8,"column":52}},"6":{"start":{"line":9,"column":24},"end":{"line":9,"column":64}},"7":{"start":{"line":14,"column":4},"end":{"line":14,"column":39}},"8":{"start":{"line":16,"column":17},"end":{"line":20,"column":1}},"9":{"start":{"line":17,"column":1},"end":{"line":19,"column":3}},"10":{"start":{"line":22,"column":16},"end":{"line":29,"column":2}},"11":{"start":{"line":24,"column":2},"end":{"line":24,"column":24}},"12":{"start":{"line":27,"column":2},"end":{"line":27,"column":75}},"13":{"start":{"line":31,"column":19},"end":{"line":36,"column":1}},"14":{"start":{"line":32,"column":1},"end":{"line":34,"column":2}},"15":{"start":{"line":33,"column":2},"end":{"line":33,"column":16}},"16":{"start":{"line":35,"column":1},"end":{"line":35,"column":16}},"17":{"start":{"line":38,"column":15},"end":{"line":44,"column":2}},"18":{"start":{"line":46,"column":0},"end":{"line":101,"column":3}},"19":{"start":{"line":48,"column":2},"end":{"line":65,"column":20}},"20":{"start":{"line":49,"column":20},"end":{"line":63,"column":4}},"21":{"start":{"line":52,"column":5},"end":{"line":61,"column":6}},"22":{"start":{"line":64,"column":3},"end":{"line":64,"column":33}},"23":{"start":{"line":69,"column":18},"end":{"line":73,"column":4}},"24":{"start":{"line":74,"column":2},"end":{"line":88,"column":20}},"25":{"start":{"line":75,"column":3},"end":{"line":87,"column":5}},"26":{"start":{"line":92,"column":2},"end":{"line":100,"column":20}},"27":{"start":{"line":93,"column":3},"end":{"line":99,"column":5}},"28":{"start":{"line":104,"column":0},"end":{"line":174,"column":3}},"29":{"start":{"line":106,"column":13},"end":{"line":106,"column":33}},"30":{"start":{"line":107,"column":2},"end":{"line":132,"column":3}},"31":{"start":{"line":108,"column":3},"end":{"line":126,"column":21}},"32":{"start":{"line":109,"column":4},"end":{"line":125,"column":5}},"33":{"start":{"line":110,"column":5},"end":{"line":119,"column":7}},"34":{"start":{"line":122,"column":5},"end":{"line":124,"column":7}},"35":{"start":{"line":129,"column":3},"end":{"line":131,"column":5}},"36":{"start":{"line":136,"column":13},"end":{"line":136,"column":33}},"37":{"start":{"line":137,"column":2},"end":{"line":154,"column":3}},"38":{"start":{"line":138,"column":3},"end":{"line":148,"column":22}},"39":{"start":{"line":140,"column":5},"end":{"line":147,"column":7}},"40":{"start":{"line":151,"column":3},"end":{"line":153,"column":5}},"41":{"start":{"line":157,"column":13},"end":{"line":157,"column":33}},"42":{"start":{"line":158,"column":2},"end":{"line":173,"column":3}},"43":{"start":{"line":159,"column":3},"end":{"line":167,"column":21}},"44":{"start":{"line":160,"column":4},"end":{"line":166,"column":6}},"45":{"start":{"line":170,"column":3},"end":{"line":172,"column":5}},"46":{"start":{"line":176,"column":0},"end":{"line":176,"column":23}}},"fnMap":{"0":{"name":"(anonymous_0)","decl":{"start":{"line":16,"column":17},"end":{"line":16,"column":18}},"loc":{"start":{"line":16,"column":26},"end":{"line":20,"column":1}},"line":16},"1":{"name":"(anonymous_1)","decl":{"start":{"line":23,"column":14},"end":{"line":23,"column":15}},"loc":{"start":{"line":23,"column":33},"end":{"line":25,"column":2}},"line":23},"2":{"name":"(anonymous_2)","decl":{"start":{"line":26,"column":11},"end":{"line":26,"column":12}},"loc":{"start":{"line":26,"column":30},"end":{"line":28,"column":2}},"line":26},"3":{"name":"(anonymous_3)","decl":{"start":{"line":31,"column":19},"end":{"line":31,"column":20}},"loc":{"start":{"line":31,"column":38},"end":{"line":36,"column":1}},"line":31},"4":{"name":"(anonymous_4)","decl":{"start":{"line":47,"column":6},"end":{"line":47,"column":7}},"loc":{"start":{"line":47,"column":20},"end":{"line":66,"column":2}},"line":47},"5":{"name":"(anonymous_5)","decl":{"start":{"line":48,"column":27},"end":{"line":48,"column":28}},"loc":{"start":{"line":48,"column":35},"end":{"line":65,"column":3}},"line":48},"6":{"name":"(anonymous_6)","decl":{"start":{"line":51,"column":23},"end":{"line":51,"column":24}},"loc":{"start":{"line":51,"column":30},"end":{"line":62,"column":5}},"line":51},"7":{"name":"(anonymous_7)","decl":{"start":{"line":68,"column":38},"end":{"line":68,"column":39}},"loc":{"start":{"line":68,"column":52},"end":{"line":89,"column":2}},"line":68},"8":{"name":"(anonymous_8)","decl":{"start":{"line":74,"column":22},"end":{"line":74,"column":23}},"loc":{"start":{"line":74,"column":31},"end":{"line":88,"column":3}},"line":74},"9":{"name":"(anonymous_9)","decl":{"start":{"line":91,"column":29},"end":{"line":91,"column":30}},"loc":{"start":{"line":91,"column":43},"end":{"line":101,"column":2}},"line":91},"10":{"name":"(anonymous_10)","decl":{"start":{"line":92,"column":33},"end":{"line":92,"column":34}},"loc":{"start":{"line":92,"column":40},"end":{"line":100,"column":3}},"line":92},"11":{"name":"(anonymous_11)","decl":{"start":{"line":105,"column":6},"end":{"line":105,"column":7}},"loc":{"start":{"line":105,"column":20},"end":{"line":133,"column":2}},"line":105},"12":{"name":"(anonymous_12)","decl":{"start":{"line":108,"column":34},"end":{"line":108,"column":35}},"loc":{"start":{"line":108,"column":41},"end":{"line":126,"column":4}},"line":108},"13":{"name":"(anonymous_13)","decl":{"start":{"line":135,"column":73},"end":{"line":135,"column":74}},"loc":{"start":{"line":135,"column":87},"end":{"line":155,"column":2}},"line":135},"14":{"name":"(anonymous_14)","decl":{"start":{"line":139,"column":10},"end":{"line":139,"column":11}},"loc":{"start":{"line":139,"column":17},"end":{"line":148,"column":5}},"line":139},"15":{"name":"(anonymous_15)","decl":{"start":{"line":156,"column":29},"end":{"line":156,"column":30}},"loc":{"start":{"line":156,"column":43},"end":{"line":174,"column":2}},"line":156},"16":{"name":"(anonymous_16)","decl":{"start":{"line":159,"column":43},"end":{"line":159,"column":44}},"loc":{"start":{"line":159,"column":50},"end":{"line":167,"column":4}},"line":159}},"branchMap":{"0":{"loc":{"start":{"line":32,"column":1},"end":{"line":34,"column":2}},"type":"if","locations":[{"start":{"line":32,"column":1},"end":{"line":34,"column":2}},{"start":{},"end":{}}],"line":32},"1":{"loc":{"start":{"line":32,"column":5},"end":{"line":32,"column":101}},"type":"binary-expr","locations":[{"start":{"line":32,"column":5},"end":{"line":32,"column":35}},{"start":{"line":32,"column":39},"end":{"line":32,"column":68}},{"start":{"line":32,"column":72},"end":{"line":32,"column":101}}],"line":32},"2":{"loc":{"start":{"line":107,"column":2},"end":{"line":132,"column":3}},"type":"if","locations":[{"start":{"line":107,"column":2},"end":{"line":132,"column":3}},{"start":{"line":128,"column":7},"end":{"line":132,"column":3}}],"line":107},"3":{"loc":{"start":{"line":109,"column":4},"end":{"line":125,"column":5}},"type":"if","locations":[{"start":{"line":109,"column":4},"end":{"line":125,"column":5}},{"start":{"line":121,"column":9},"end":{"line":125,"column":5}}],"line":109},"4":{"loc":{"start":{"line":137,"column":2},"end":{"line":154,"column":3}},"type":"if","locations":[{"start":{"line":137,"column":2},"end":{"line":154,"column":3}},{"start":{"line":150,"column":7},"end":{"line":154,"column":3}}],"line":137},"5":{"loc":{"start":{"line":158,"column":2},"end":{"line":173,"column":3}},"type":"if","locations":[{"start":{"line":158,"column":2},"end":{"line":173,"column":3}},{"start":{"line":169,"column":7},"end":{"line":173,"column":3}}],"line":158}},"s":{"0":3,"1":3,"2":3,"3":3,"4":3,"5":3,"6":3,"7":3,"8":3,"9":0,"10":3,"11":0,"12":0,"13":3,"14":0,"15":0,"16":0,"17":3,"18":3,"19":1,"20":1,"21":1,"22":1,"23":0,"24":0,"25":0,"26":0,"27":0,"28":3,"29":1,"30":1,"31":1,"32":1,"33":1,"34":0,"35":0,"36":0,"37":0,"38":0,"39":0,"40":0,"41":0,"42":0,"43":0,"44":0,"45":0,"46":3},"f":{"0":0,"1":0,"2":0,"3":0,"4":1,"5":1,"6":1,"7":0,"8":0,"9":0,"10":0,"11":1,"12":1,"13":0,"14":0,"15":0,"16":0},"b":{"0":[0,0],"1":[0,0,0],"2":[1,0],"3":[1,0],"4":[0,0],"5":[0,0]},"_coverageSchema":"1a1c01bbd47fc00a2c39e90264f33305004495a9","hash":"a960c35e9f6391c3775cc05abe5a79b746349155"}
,"C:\\Users\\User\\Desktop\\EcommerceX-REST-API\\api\\routes\\userRoute.js": {"path":"C:\\Users\\User\\Desktop\\EcommerceX-REST-API\\api\\routes\\userRoute.js","statementMap":{"0":{"start":{"line":1,"column":16},"end":{"line":1,"column":34}},"1":{"start":{"line":2,"column":15},"end":{"line":2,"column":31}},"2":{"start":{"line":3,"column":17},"end":{"line":3,"column":36}},"3":{"start":{"line":5,"column":15},"end":{"line":5,"column":32}},"4":{"start":{"line":6,"column":12},"end":{"line":6,"column":35}},"5":{"start":{"line":8,"column":18},"end":{"line":8,"column":43}},"6":{"start":{"line":10,"column":17},"end":{"line":14,"column":1}},"7":{"start":{"line":11,"column":4},"end":{"line":13,"column":6}},"8":{"start":{"line":16,"column":0},"end":{"line":34,"column":2}},"9":{"start":{"line":17,"column":4},"end":{"line":33,"column":22}},"10":{"start":{"line":18,"column":8},"end":{"line":32,"column":10}},"11":{"start":{"line":21,"column":16},"end":{"line":30,"column":17}},"12":{"start":{"line":37,"column":0},"end":{"line":69,"column":2}},"13":{"start":{"line":38,"column":4},"end":{"line":68,"column":5}},"14":{"start":{"line":39,"column":8},"end":{"line":62,"column":26}},"15":{"start":{"line":40,"column":12},"end":{"line":61,"column":13}},"16":{"start":{"line":41,"column":16},"end":{"line":55,"column":18}},"17":{"start":{"line":58,"column":16},"end":{"line":60,"column":18}},"18":{"start":{"line":65,"column":8},"end":{"line":67,"column":10}},"19":{"start":{"line":71,"column":0},"end":{"line":102,"column":2}},"20":{"start":{"line":72,"column":15},"end":{"line":72,"column":32}},"21":{"start":{"line":73,"column":14},"end":{"line":73,"column":31}},"22":{"start":{"line":74,"column":4},"end":{"line":101,"column":6}},"23":{"start":{"line":75,"column":8},"end":{"line":100,"column":9}},"24":{"start":{"line":76,"column":12},"end":{"line":78,"column":14}},"25":{"start":{"line":81,"column":12},"end":{"line":81,"column":36}},"26":{"start":{"line":82,"column":12},"end":{"line":99,"column":13}},"27":{"start":{"line":83,"column":16},"end":{"line":93,"column":38}},"28":{"start":{"line":85,"column":24},"end":{"line":92,"column":26}},"29":{"start":{"line":96,"column":16},"end":{"line":98,"column":18}},"30":{"start":{"line":104,"column":0},"end":{"line":127,"column":2}},"31":{"start":{"line":105,"column":4},"end":{"line":126,"column":5}},"32":{"start":{"line":106,"column":8},"end":{"line":120,"column":30}},"33":{"start":{"line":108,"column":16},"end":{"line":119,"column":18}},"34":{"start":{"line":123,"column":8},"end":{"line":125,"column":10}},"35":{"start":{"line":129,"column":0},"end":{"line":159,"column":2}},"36":{"start":{"line":130,"column":4},"end":{"line":158,"column":10}},"37":{"start":{"line":132,"column":12},"end":{"line":157,"column":13}},"38":{"start":{"line":133,"column":16},"end":{"line":135,"column":18}},"39":{"start":{"line":138,"column":16},"end":{"line":156,"column":18}},"40":{"start":{"line":139,"column":20},"end":{"line":155,"column":21}},"41":{"start":{"line":140,"column":24},"end":{"line":142,"column":26}},"42":{"start":{"line":145,"column":37},"end":{"line":149,"column":26}},"43":{"start":{"line":150,"column":24},"end":{"line":154,"column":42}},"44":{"start":{"line":151,"column":28},"end":{"line":153,"column":30}},"45":{"start":{"line":161,"column":0},"end":{"line":197,"column":2}},"46":{"start":{"line":162,"column":4},"end":{"line":196,"column":26}},"47":{"start":{"line":164,"column":12},"end":{"line":168,"column":13}},"48":{"start":{"line":165,"column":16},"end":{"line":167,"column":18}},"49":{"start":{"line":169,"column":12},"end":{"line":195,"column":14}},"50":{"start":{"line":170,"column":16},"end":{"line":174,"column":17}},"51":{"start":{"line":171,"column":20},"end":{"line":173,"column":22}},"52":{"start":{"line":175,"column":16},"end":{"line":191,"column":17}},"53":{"start":{"line":176,"column":34},"end":{"line":185,"column":26}},"54":{"start":{"line":186,"column":20},"end":{"line":190,"column":22}},"55":{"start":{"line":192,"column":16},"end":{"line":194,"column":18}},"56":{"start":{"line":199,"column":0},"end":{"line":199,"column":23}}},"fnMap":{"0":{"name":"(anonymous_0)","decl":{"start":{"line":10,"column":17},"end":{"line":10,"column":18}},"loc":{"start":{"line":10,"column":26},"end":{"line":14,"column":1}},"line":10},"1":{"name":"(anonymous_1)","decl":{"start":{"line":16,"column":16},"end":{"line":16,"column":17}},"loc":{"start":{"line":16,"column":30},"end":{"line":34,"column":1}},"line":16},"2":{"name":"(anonymous_2)","decl":{"start":{"line":17,"column":33},"end":{"line":17,"column":34}},"loc":{"start":{"line":17,"column":41},"end":{"line":33,"column":5}},"line":17},"3":{"name":"(anonymous_3)","decl":{"start":{"line":20,"column":28},"end":{"line":20,"column":29}},"loc":{"start":{"line":20,"column":35},"end":{"line":31,"column":13}},"line":20},"4":{"name":"(anonymous_4)","decl":{"start":{"line":37,"column":23},"end":{"line":37,"column":24}},"loc":{"start":{"line":37,"column":37},"end":{"line":69,"column":1}},"line":37},"5":{"name":"(anonymous_5)","decl":{"start":{"line":39,"column":58},"end":{"line":39,"column":59}},"loc":{"start":{"line":39,"column":65},"end":{"line":62,"column":9}},"line":39},"6":{"name":"(anonymous_6)","decl":{"start":{"line":71,"column":25},"end":{"line":71,"column":26}},"loc":{"start":{"line":71,"column":39},"end":{"line":102,"column":1}},"line":71},"7":{"name":"(anonymous_7)","decl":{"start":{"line":74,"column":25},"end":{"line":74,"column":26}},"loc":{"start":{"line":74,"column":40},"end":{"line":101,"column":5}},"line":74},"8":{"name":"(anonymous_8)","decl":{"start":{"line":84,"column":26},"end":{"line":84,"column":27}},"loc":{"start":{"line":84,"column":33},"end":{"line":93,"column":21}},"line":84},"9":{"name":"(anonymous_9)","decl":{"start":{"line":104,"column":26},"end":{"line":104,"column":27}},"loc":{"start":{"line":104,"column":40},"end":{"line":127,"column":1}},"line":104},"10":{"name":"(anonymous_10)","decl":{"start":{"line":107,"column":18},"end":{"line":107,"column":19}},"loc":{"start":{"line":107,"column":26},"end":{"line":120,"column":13}},"line":107},"11":{"name":"(anonymous_11)","decl":{"start":{"line":129,"column":25},"end":{"line":129,"column":26}},"loc":{"start":{"line":129,"column":39},"end":{"line":159,"column":1}},"line":129},"12":{"name":"(anonymous_12)","decl":{"start":{"line":131,"column":14},"end":{"line":131,"column":15}},"loc":{"start":{"line":131,"column":22},"end":{"line":158,"column":9}},"line":131},"13":{"name":"(anonymous_13)","decl":{"start":{"line":138,"column":51},"end":{"line":138,"column":52}},"loc":{"start":{"line":138,"column":66},"end":{"line":156,"column":17}},"line":138},"14":{"name":"(anonymous_14)","decl":{"start":{"line":150,"column":41},"end":{"line":150,"column":42}},"loc":{"start":{"line":150,"column":51},"end":{"line":154,"column":25}},"line":150},"15":{"name":"(anonymous_15)","decl":{"start":{"line":161,"column":22},"end":{"line":161,"column":23}},"loc":{"start":{"line":161,"column":36},"end":{"line":197,"column":1}},"line":161},"16":{"name":"(anonymous_16)","decl":{"start":{"line":163,"column":14},"end":{"line":163,"column":15}},"loc":{"start":{"line":163,"column":22},"end":{"line":196,"column":9}},"line":163},"17":{"name":"(anonymous_17)","decl":{"start":{"line":169,"column":64},"end":{"line":169,"column":65}},"loc":{"start":{"line":169,"column":81},"end":{"line":195,"column":13}},"line":169}},"branchMap":{"0":{"loc":{"start":{"line":38,"column":4},"end":{"line":68,"column":5}},"type":"if","locations":[{"start":{"line":38,"column":4},"end":{"line":68,"column":5}},{"start":{"line":64,"column":9},"end":{"line":68,"column":5}}],"line":38},"1":{"loc":{"start":{"line":40,"column":12},"end":{"line":61,"column":13}},"type":"if","locations":[{"start":{"line":40,"column":12},"end":{"line":61,"column":13}},{"start":{"line":57,"column":17},"end":{"line":61,"column":13}}],"line":40},"2":{"loc":{"start":{"line":75,"column":8},"end":{"line":100,"column":9}},"type":"if","locations":[{"start":{"line":75,"column":8},"end":{"line":100,"column":9}},{"start":{"line":80,"column":13},"end":{"line":100,"column":9}}],"line":75},"3":{"loc":{"start":{"line":82,"column":12},"end":{"line":99,"column":13}},"type":"if","locations":[{"start":{"line":82,"column":12},"end":{"line":99,"column":13}},{"start":{"line":95,"column":17},"end":{"line":99,"column":13}}],"line":82},"4":{"loc":{"start":{"line":105,"column":4},"end":{"line":126,"column":5}},"type":"if","locations":[{"start":{"line":105,"column":4},"end":{"line":126,"column":5}},{"start":{"line":122,"column":9},"end":{"line":126,"column":5}}],"line":105},"5":{"loc":{"start":{"line":132,"column":12},"end":{"line":157,"column":13}},"type":"if","locations":[{"start":{"line":132,"column":12},"end":{"line":157,"column":13}},{"start":{"line":137,"column":17},"end":{"line":157,"column":13}}],"line":132},"6":{"loc":{"start":{"line":139,"column":20},"end":{"line":155,"column":21}},"type":"if","locations":[{"start":{"line":139,"column":20},"end":{"line":155,"column":21}},{"start":{"line":144,"column":25},"end":{"line":155,"column":21}}],"line":139},"7":{"loc":{"start":{"line":164,"column":12},"end":{"line":168,"column":13}},"type":"if","locations":[{"start":{"line":164,"column":12},"end":{"line":168,"column":13}},{"start":{},"end":{}}],"line":164},"8":{"loc":{"start":{"line":170,"column":16},"end":{"line":174,"column":17}},"type":"if","locations":[{"start":{"line":170,"column":16},"end":{"line":174,"column":17}},{"start":{},"end":{}}],"line":170},"9":{"loc":{"start":{"line":175,"column":16},"end":{"line":191,"column":17}},"type":"if","locations":[{"start":{"line":175,"column":16},"end":{"line":191,"column":17}},{"start":{},"end":{}}],"line":175}},"s":{"0":3,"1":3,"2":3,"3":3,"4":3,"5":3,"6":3,"7":0,"8":3,"9":0,"10":0,"11":0,"12":3,"13":0,"14":0,"15":0,"16":0,"17":0,"18":0,"19":3,"20":0,"21":0,"22":0,"23":0,"24":0,"25":0,"26":0,"27":0,"28":0,"29":0,"30":3,"31":0,"32":0,"33":0,"34":0,"35":3,"36":0,"37":0,"38":0,"39":0,"40":0,"41":0,"42":0,"43":0,"44":0,"45":3,"46":0,"47":0,"48":0,"49":0,"50":0,"51":0,"52":0,"53":0,"54":0,"55":0,"56":3},"f":{"0":0,"1":0,"2":0,"3":0,"4":0,"5":0,"6":0,"7":0,"8":0,"9":0,"10":0,"11":0,"12":0,"13":0,"14":0,"15":0,"16":0,"17":0},"b":{"0":[0,0],"1":[0,0],"2":[0,0],"3":[0,0],"4":[0,0],"5":[0,0],"6":[0,0],"7":[0,0],"8":[0,0],"9":[0,0]},"_coverageSchema":"1a1c01bbd47fc00a2c39e90264f33305004495a9","hash":"aa7232c55f4aaede01c2c5de0c7b6f93c3ebdf2d"}
}
