TN:
SF:app.js
FNF:0
FNH:0
DA:1,1
DA:2,1
DA:3,1
DA:4,1
DA:6,1
DA:8,1
DA:10,1
DA:13,1
DA:15,1
DA:16,1
DA:17,1
DA:20,1
DA:21,1
DA:22,1
DA:23,1
DA:33,1
LF:16
LH:16
BRF:0
BRH:0
end_of_record
TN:
SF:server.js
FNF:0
FNH:0
DA:1,1
DA:2,1
DA:4,1
DA:6,1
LF:4
LH:4
BRF:0
BRH:0
end_of_record
TN:
SF:api\config\db.js
FN:3,(anonymous_0)
FNF:1
FNH:1
FNDA:1,(anonymous_0)
DA:1,1
DA:3,1
DA:4,1
DA:5,1
DA:8,1
LF:5
LH:5
BRF:0
BRH:0
end_of_record
TN:
SF:api\middleware\checkAuth.js
FN:3,(anonymous_0)
FNF:1
FNH:0
FNDA:0,(anonymous_0)
DA:1,1
DA:3,1
DA:4,0
DA:5,0
DA:6,0
DA:7,0
DA:10,0
LF:7
LH:2
BRF:0
BRH:0
end_of_record
TN:
SF:api\middleware\checkHeaderAuth.js
FN:3,(anonymous_0)
FNF:1
FNH:0
FNDA:0,(anonymous_0)
DA:1,1
DA:3,1
DA:4,0
DA:5,0
DA:6,0
DA:7,0
DA:8,0
DA:10,0
LF:8
LH:2
BRF:0
BRH:0
end_of_record
TN:
SF:api\middleware\checkRoles.js
FN:1,isAdmin
FN:12,isCustomer
FN:24,isSeller
FN:35,isAdminOrSeller
FN:46,isAdminOrCustomer
FNF:5
FNH:0
FNDA:0,isAdmin
FNDA:0,isCustomer
FNDA:0,isSeller
FNDA:0,isAdminOrSeller
FNDA:0,isAdminOrCustomer
DA:2,0
DA:3,0
DA:6,0
DA:13,0
DA:14,0
DA:15,0
DA:18,0
DA:25,0
DA:26,0
DA:29,0
DA:36,0
DA:37,0
DA:40,0
DA:47,0
DA:48,0
DA:51,0
DA:57,1
LF:17
LH:1
BRDA:2,0,0,0
BRDA:2,0,1,0
BRDA:14,1,0,0
BRDA:14,1,1,0
BRDA:25,2,0,0
BRDA:25,2,1,0
BRDA:36,3,0,0
BRDA:36,3,1,0
BRDA:36,4,0,0
BRDA:36,4,1,0
BRDA:47,5,0,0
BRDA:47,5,1,0
BRDA:47,6,0,0
BRDA:47,6,1,0
BRF:14
BRH:0
end_of_record
TN:
SF:api\models\Order.js
FNF:0
FNH:0
DA:1,1
DA:3,1
DA:26,1
LF:3
LH:3
BRF:0
BRH:0
end_of_record
TN:
SF:api\models\Payment.js
FNF:0
FNH:0
DA:1,1
DA:3,1
DA:27,1
LF:3
LH:3
BRF:0
BRH:0
end_of_record
TN:
SF:api\models\Product.js
FNF:0
FNH:0
DA:1,1
DA:4,1
DA:16,1
LF:3
LH:3
BRF:0
BRH:0
end_of_record
TN:
SF:api\models\User.js
FNF:0
FNH:0
DA:1,1
DA:4,1
DA:19,1
LF:3
LH:3
BRF:0
BRH:0
end_of_record
TN:
SF:api\routes\orderRoute.js
FN:15,(anonymous_0)
FN:22,(anonymous_1)
FN:25,(anonymous_2)
FN:29,(anonymous_3)
FN:51,(anonymous_4)
FN:52,(anonymous_5)
FN:65,(anonymous_6)
FN:87,(anonymous_7)
FN:90,(anonymous_8)
FN:123,(anonymous_9)
FN:127,(anonymous_10)
FN:144,(anonymous_11)
FN:147,(anonymous_12)
FNF:13
FNH:5
FNDA:0,(anonymous_0)
FNDA:1,(anonymous_1)
FNDA:1,(anonymous_2)
FNDA:1,(anonymous_3)
FNDA:0,(anonymous_4)
FNDA:0,(anonymous_5)
FNDA:0,(anonymous_6)
FNDA:1,(anonymous_7)
FNDA:1,(anonymous_8)
FNDA:0,(anonymous_9)
FNDA:0,(anonymous_10)
FNDA:0,(anonymous_11)
FNDA:0,(anonymous_12)
DA:1,1
DA:2,1
DA:3,1
DA:5,1
DA:6,1
DA:7,1
DA:13,1
DA:15,1
DA:16,0
DA:21,1
DA:23,1
DA:27,1
DA:30,1
DA:52,0
DA:53,0
DA:54,0
DA:58,0
DA:63,0
DA:66,0
DA:86,1
DA:88,1
DA:89,1
DA:91,1
DA:92,0
DA:96,1
DA:118,0
DA:124,0
DA:125,0
DA:126,0
DA:128,0
DA:139,0
DA:145,0
DA:146,0
DA:147,0
DA:148,0
DA:162,0
DA:168,1
LF:37
LH:18
BRDA:53,0,0,0
BRDA:53,0,1,0
BRDA:88,1,0,1
BRDA:88,1,1,0
BRDA:91,2,0,0
BRDA:91,2,1,1
BRDA:125,3,0,0
BRDA:125,3,1,0
BRDA:146,4,0,0
BRDA:146,4,1,0
BRF:10
BRH:2
end_of_record
TN:
SF:api\routes\paymentRoute.js
FN:14,(anonymous_0)
FN:20,(anonymous_1)
FN:23,(anonymous_2)
FN:28,(anonymous_3)
FN:54,(anonymous_4)
FN:57,(anonymous_5)
FN:94,(anonymous_6)
FN:96,(anonymous_7)
FN:123,(anonymous_8)
FN:126,(anonymous_9)
FNF:10
FNH:0
FNDA:0,(anonymous_0)
FNDA:0,(anonymous_1)
FNDA:0,(anonymous_2)
FNDA:0,(anonymous_3)
FNDA:0,(anonymous_4)
FNDA:0,(anonymous_5)
FNDA:0,(anonymous_6)
FNDA:0,(anonymous_7)
FNDA:0,(anonymous_8)
FNDA:0,(anonymous_9)
DA:1,1
DA:2,1
DA:3,1
DA:5,1
DA:6,1
DA:8,1
DA:12,1
DA:14,1
DA:15,0
DA:20,1
DA:21,0
DA:26,0
DA:29,0
DA:54,1
DA:55,0
DA:56,0
DA:57,0
DA:58,0
DA:59,0
DA:81,0
DA:88,0
DA:94,1
DA:96,0
DA:97,0
DA:98,0
DA:102,0
DA:103,0
DA:111,0
DA:112,0
DA:116,0
DA:123,0
DA:126,0
DA:127,0
DA:149,1
LF:34
LH:12
BRDA:56,0,0,0
BRDA:56,0,1,0
BRDA:58,1,0,0
BRDA:58,1,1,0
BRDA:97,2,0,0
BRDA:97,2,1,0
BRDA:102,3,0,0
BRDA:102,3,1,0
BRDA:111,4,0,0
BRDA:111,4,1,0
BRDA:111,5,0,0
BRDA:111,5,1,0
BRDA:111,5,2,0
BRDA:111,5,3,0
BRDA:111,5,4,0
BRF:15
BRH:0
end_of_record
TN:
SF:api\routes\productRoute.js
FN:16,(anonymous_0)
FN:23,(anonymous_1)
FN:26,(anonymous_2)
FN:31,(anonymous_3)
FN:47,(anonymous_4)
FN:48,(anonymous_5)
FN:51,(anonymous_6)
FN:68,(anonymous_7)
FN:74,(anonymous_8)
FN:91,(anonymous_9)
FN:92,(anonymous_10)
FN:105,(anonymous_11)
FN:108,(anonymous_12)
FN:135,(anonymous_13)
FN:139,(anonymous_14)
FN:156,(anonymous_15)
FN:159,(anonymous_16)
FNF:17
FNH:5
FNDA:0,(anonymous_0)
FNDA:0,(anonymous_1)
FNDA:0,(anonymous_2)
FNDA:0,(anonymous_3)
FNDA:1,(anonymous_4)
FNDA:1,(anonymous_5)
FNDA:3,(anonymous_6)
FNDA:0,(anonymous_7)
FNDA:0,(anonymous_8)
FNDA:0,(anonymous_9)
FNDA:0,(anonymous_10)
FNDA:1,(anonymous_11)
FNDA:1,(anonymous_12)
FNDA:0,(anonymous_13)
FNDA:0,(anonymous_14)
FNDA:0,(anonymous_15)
FNDA:0,(anonymous_16)
DA:1,1
DA:2,1
DA:3,1
DA:4,1
DA:6,1
DA:8,1
DA:9,1
DA:14,1
DA:16,1
DA:17,0
DA:22,1
DA:24,0
DA:27,0
DA:31,1
DA:32,0
DA:33,0
DA:35,0
DA:38,1
DA:46,1
DA:48,1
DA:49,1
DA:52,3
DA:64,1
DA:69,0
DA:74,0
DA:75,0
DA:92,0
DA:93,0
DA:104,1
DA:106,1
DA:107,1
DA:108,1
DA:109,1
DA:110,1
DA:122,0
DA:129,0
DA:136,0
DA:137,0
DA:138,0
DA:140,0
DA:151,0
DA:157,0
DA:158,0
DA:159,0
DA:160,0
DA:170,0
DA:176,1
LF:47
LH:24
BRDA:32,0,0,0
BRDA:32,0,1,0
BRDA:32,1,0,0
BRDA:32,1,1,0
BRDA:32,1,2,0
BRDA:107,2,0,1
BRDA:107,2,1,0
BRDA:109,3,0,1
BRDA:109,3,1,0
BRDA:137,4,0,0
BRDA:137,4,1,0
BRDA:158,5,0,0
BRDA:158,5,1,0
BRF:13
BRH:2
end_of_record
TN:
SF:api\routes\userRoute.js
FN:10,(anonymous_0)
FN:16,(anonymous_1)
FN:17,(anonymous_2)
FN:20,(anonymous_3)
FN:37,(anonymous_4)
FN:39,(anonymous_5)
FN:71,(anonymous_6)
FN:74,(anonymous_7)
FN:84,(anonymous_8)
FN:104,(anonymous_9)
FN:107,(anonymous_10)
FN:129,(anonymous_11)
FN:131,(anonymous_12)
FN:138,(anonymous_13)
FN:150,(anonymous_14)
FN:161,(anonymous_15)
FN:163,(anonymous_16)
FN:169,(anonymous_17)
FNF:18
FNH:0
FNDA:0,(anonymous_0)
FNDA:0,(anonymous_1)
FNDA:0,(anonymous_2)
FNDA:0,(anonymous_3)
FNDA:0,(anonymous_4)
FNDA:0,(anonymous_5)
FNDA:0,(anonymous_6)
FNDA:0,(anonymous_7)
FNDA:0,(anonymous_8)
FNDA:0,(anonymous_9)
FNDA:0,(anonymous_10)
FNDA:0,(anonymous_11)
FNDA:0,(anonymous_12)
FNDA:0,(anonymous_13)
FNDA:0,(anonymous_14)
FNDA:0,(anonymous_15)
FNDA:0,(anonymous_16)
FNDA:0,(anonymous_17)
DA:1,1
DA:2,1
DA:3,1
DA:5,1
DA:6,1
DA:8,1
DA:10,1
DA:11,0
DA:16,1
DA:17,0
DA:18,0
DA:21,0
DA:37,1
DA:38,0
DA:39,0
DA:40,0
DA:41,0
DA:58,0
DA:65,0
DA:71,1
DA:72,0
DA:73,0
DA:74,0
DA:75,0
DA:76,0
DA:81,0
DA:82,0
DA:83,0
DA:85,0
DA:96,0
DA:104,1
DA:105,0
DA:106,0
DA:108,0
DA:123,0
DA:129,1
DA:130,0
DA:132,0
DA:133,0
DA:138,0
DA:139,0
DA:140,0
DA:145,0
DA:150,0
DA:151,0
DA:161,1
DA:162,0
DA:164,0
DA:165,0
DA:169,0
DA:170,0
DA:171,0
DA:175,0
DA:176,0
DA:186,0
DA:192,0
DA:199,1
LF:57
LH:14
BRDA:38,0,0,0
BRDA:38,0,1,0
BRDA:40,1,0,0
BRDA:40,1,1,0
BRDA:75,2,0,0
BRDA:75,2,1,0
BRDA:82,3,0,0
BRDA:82,3,1,0
BRDA:105,4,0,0
BRDA:105,4,1,0
BRDA:132,5,0,0
BRDA:132,5,1,0
BRDA:139,6,0,0
BRDA:139,6,1,0
BRDA:164,7,0,0
BRDA:164,7,1,0
BRDA:170,8,0,0
BRDA:170,8,1,0
BRDA:175,9,0,0
BRDA:175,9,1,0
BRF:20
BRH:0
end_of_record
